Hello, RVOS!
HEAP_START = 00005100, HEAP_SIZE = 001faf00, num of pages = 498
TEXT:   0x00000000 -> 0x00001a1c
RODATA: 0x00001a1c -> 0x00001d53
DATA:   0x00002000 -> 0x00002004
BSS:    0x00002004 -> 0x00005100
HEAP:   0x0000e000 -> 0x00200000
Task 0: Created!
software interruption!
Task 1: Created!
Task 1: Running...
software interruption!
Task 0: I'm back!
Task 0: Running...
software interruption!
Task 1: I'm back! in loop
Task 1: Running...
timer interruption!
tick: 1
Task 0: I'm back! in loop
Task 0: Running...
software interruption!
software interruption!
Task 0: I'm back! in loop
Task 0: Running...
software interruption!
Task 1: I'm back! in loop
Task 1: Running...
timer interruption!
tick: 2
Task 0: I'm back! in loop
Task 0: Running...
software interruption!
software interruption!
Task 0: I'm back! in loop
Task 0: Running...
software interruption!
Task 1: I'm back! in loop
Task 1: Running...
